<?xml version="1.0" encoding="UTF-8"?>
<!-- Generated by org.testng.reporters.JUnitReportReporter -->
<testsuite hostname="DESKTOP-6LD8RH3" name="com.pages.createwallpost" tests="2" failures="0" timestamp="7 Sep 2020 09:38:55 GMT" time="14.105" errors="0">
  <testcase name="login" time="11.641" classname="com.pages.createwallpost"/>
  <testcase name="post" time="2.464" classname="com.pages.createwallpost"/>
</testsuite> <!-- com.pages.createwallpost -->
