<?xml version="1.0" encoding="UTF-8"?>
<!-- Generated by org.testng.reporters.JUnitReportReporter -->
<testsuite hostname="DESKTOP-6LD8RH3" name="createwallpost" tests="2" failures="0" timestamp="7 Oct 2020 14:24:41 GMT" time="15.029" errors="0">
  <testcase name="post" time="3.749" classname="createwallpost"/>
  <testcase name="login" time="11.280" classname="createwallpost"/>
</testsuite> <!-- createwallpost -->
