<?xml version="1.0" encoding="UTF-8"?>
<!-- Generated by org.testng.reporters.JUnitReportReporter -->
<testsuite hostname="DESKTOP-6LD8RH3" name="feedPage.createwallpost" tests="2" failures="0" timestamp="8 Oct 2020 07:35:47 GMT" time="26.192" errors="0">
  <testcase name="login" time="20.186" classname="feedPage.createwallpost"/>
  <testcase name="post" time="6.006" classname="feedPage.createwallpost"/>
</testsuite> <!-- feedPage.createwallpost -->
