<?xml version="1.0" encoding="UTF-8"?>
<!-- Generated by org.testng.reporters.JUnitReportReporter -->
<testsuite hostname="DESKTOP-6LD8RH3" name="com.pages.LoginPage" tests="2" failures="0" timestamp="4 Sep 2020 12:59:45 GMT" time="15.549" errors="0">
  <testcase name="login" time="13.140" classname="com.pages.LoginPage"/>
  <testcase name="post" time="2.409" classname="com.pages.LoginPage"/>
</testsuite> <!-- com.pages.LoginPage -->
