<?xml version="1.0" encoding="UTF-8"?>
<!-- Generated by org.testng.reporters.JUnitReportReporter -->
<testsuite hostname="DESKTOP-6LD8RH3" name="feedPage.UploadPicture" tests="2" failures="0" timestamp="14 Oct 2020 06:25:47 GMT" time="24.043" errors="0">
  <testcase name="login" time="11.550" classname="feedPage.UploadPicture"/>
  <testcase name="uploadImage" time="12.493" classname="feedPage.UploadPicture"/>
</testsuite> <!-- feedPage.UploadPicture -->
