<?xml version="1.0" encoding="UTF-8"?>
<!-- Generated by org.testng.reporters.JUnitReportReporter -->
<testsuite hostname="DESKTOP-6LD8RH3" name="com.testcases.LoginPageTest" tests="1" failures="0" timestamp="27 Nov 2019 09:29:33 GMT" time="0.019" errors="0">
  <testcase name="test" time="0.019" classname="com.testcases.LoginPageTest"/>
</testsuite> <!-- com.testcases.LoginPageTest -->
